Filter/Blur-3x3.pgm;3x3;320x240;25314460;12408957
Filter/Blur-3x3.pgm;3x3;640x480;103560050;49443065
Filter/Blur-3x3.pgm;3x3;800x600;162549291;77106556
Filter/Blur-3x3.pgm;3x3;1024x768;290621355;125095841
Filter/Blur-3x3.pgm;3x3;1280x960;466978314;195279260
Filter/Blur-3x3.pgm;3x3;1600x1200;741661436;305079185
Filter/Blur-3x3.pgm;3x3;2048x1536;1207105246;499514170
Filter/GaussianFilter-3x3.pgm;3x3;320x240;24956941;13125374
Filter/GaussianFilter-3x3.pgm;3x3;640x480;102846261;52795763
Filter/GaussianFilter-3x3.pgm;3x3;800x600;30230115980596;80868233
Filter/GaussianFilter-3x3.pgm;3x3;1024x768;294422957;133222135
Filter/GaussianFilter-3x3.pgm;3x3;1280x960;463432373;207895708
Filter/GaussianFilter-3x3.pgm;3x3;1600x1200;739866389;323894066
Filter/GaussianFilter-3x3.pgm;3x3;2048x1536;1227659398;530172084
Filter/Synthetic-3x3.pgm;3x3;320x240;24994391;13943187
Filter/Synthetic-3x3.pgm;3x3;640x480;102530659;56402154
Filter/Synthetic-3x3.pgm;3x3;800x600;161071708;86744348
Filter/Synthetic-3x3.pgm;3x3;1024x768;293089025;142026611
Filter/Synthetic-3x3.pgm;3x3;1280x960;467919277;221937363
Filter/Synthetic-3x3.pgm;3x3;1600x1200;732315575;346677600
Filter/Synthetic-3x3.pgm;3x3;2048x1536;1229386794;567752968
Filter/Null-5x5.pgm;5x5;320x240;57145851;21205309
Filter/Null-5x5.pgm;5x5;1024x768;-30236090151047;30236531829370
Filter/Null-5x5.pgm;5x5;1600x1200;1461416989;527231166
Filter/Null-5x5.pgm;5x5;2048x1536;2409173988;-22144088415139
Filter/Id-5x5.pgm;5x5;320x240;56994196;21569141
Filter/Id-5x5.pgm;5x5;1024x768;-30238614413490;220217034
Filter/Id-5x5.pgm;5x5;1600x1200;1464182604;533565254
Filter/Id-5x5.pgm;5x5;2048x1536;2413728086;879894390
Filter/GaussianFilter-5x5.pgm;5x5;320x240;57716670;25494613
Filter/GaussianFilter-5x5.pgm;5x5;1024x768;-8096332784010;262568003
Filter/GaussianFilter-5x5.pgm;5x5;1600x1200;1465020545;643142791
Filter/GaussianFilter-5x5.pgm;5x5;2048x1536;2414722684;1060583049
Filter/Synthetic-5x5.pgm;5x5;320x240;57025971;27107834
Filter/Synthetic-5x5.pgm;5x5;1024x768;600524795;279747560
Filter/Synthetic-5x5.pgm;5x5;1600x1200;1464167564;686116993
Filter/Synthetic-5x5.pgm;5x5;2048x1536;2412876693;1132009988
