Filter/Blur-3x3.pgm;3x3;320x240;1987500;1555625
Filter/Blur-3x3.pgm;3x3;640x480;8038500;3683125
Filter/Blur-3x3.pgm;3x3;800x600;12283750;5175938
Filter/Blur-3x3.pgm;3x3;1024x768;20295625;8281938
Filter/Blur-3x3.pgm;3x3;1280x960;31508812;12199375
Filter/Blur-3x3.pgm;3x3;1600x1200;49356000;18461187
Filter/Blur-3x3.pgm;3x3;2048x1536;80916688;29188937
Filter/GaussianFilter-3x3.pgm;3x3;320x240;1858250;1507500
Filter/GaussianFilter-3x3.pgm;3x3;640x480;7686062;3750875
Filter/GaussianFilter-3x3.pgm;3x3;800x600;12067125;5393188
Filter/GaussianFilter-3x3.pgm;3x3;1024x768;19930375;8018625
Filter/GaussianFilter-3x3.pgm;3x3;1280x960;31628812;12380875
Filter/GaussianFilter-3x3.pgm;3x3;1600x1200;50003812;20789313
Filter/GaussianFilter-3x3.pgm;3x3;2048x1536;81840438;29717437
Filter/Synthetic-3x3.pgm;3x3;320x240;2320937;1916312
Filter/Synthetic-3x3.pgm;3x3;640x480;8550938;3941125
Filter/Synthetic-3x3.pgm;3x3;800x600;13107687;5582687
Filter/Synthetic-3x3.pgm;3x3;1024x768;20300687;8484875
Filter/Synthetic-3x3.pgm;3x3;1280x960;31875937;12491313
Filter/Synthetic-3x3.pgm;3x3;1600x1200;49638188;18764312
Filter/Synthetic-3x3.pgm;3x3;2048x1536;82116125;30601438
Filter/Null-5x5.pgm;5x5;320x240;4405938;2943375
Filter/Null-5x5.pgm;5x5;1024x768;45214813;11605438
Filter/Null-5x5.pgm;5x5;1600x1200;110006500;25176500
Filter/Null-5x5.pgm;5x5;2048x1536;180853375;39708313
Filter/Id-5x5.pgm;5x5;320x240;4472813;3229000
Filter/Id-5x5.pgm;5x5;1024x768;46232000;11310188
Filter/Id-5x5.pgm;5x5;1600x1200;110542875;26666375
Filter/Id-5x5.pgm;5x5;2048x1536;179291500;39200250
Filter/GaussianFilter-5x5.pgm;5x5;320x240;4013125;2886750
Filter/GaussianFilter-5x5.pgm;5x5;1024x768;45552000;12159937
Filter/GaussianFilter-5x5.pgm;5x5;1600x1200;111653438;26881375
Filter/GaussianFilter-5x5.pgm;5x5;2048x1536;195059375;43477562
Filter/Synthetic-5x5.pgm;5x5;320x240;4219500;2968188
Filter/Synthetic-5x5.pgm;5x5;1024x768;44754312;12238250
Filter/Synthetic-5x5.pgm;5x5;1600x1200;111709563;27918500
Filter/Synthetic-5x5.pgm;5x5;2048x1536;182476125;43389000
