Filter/Blur-3x3.pgm;3x3;320x240;279803;360479
Filter/Blur-3x3.pgm;3x3;640x480;1126407;1444584
Filter/Blur-3x3.pgm;3x3;800x600;1766626;2261364
Filter/Blur-3x3.pgm;3x3;1024x768;2897001;3716966
Filter/Blur-3x3.pgm;3x3;1280x960;4533150;5810396
Filter/Blur-3x3.pgm;3x3;1600x1200;7999271;10223029
Filter/Blur-3x3.pgm;3x3;2048x1536;13189054;16835283
Filter/GaussianFilter-3x3.pgm;3x3;320x240;279529;384344
Filter/GaussianFilter-3x3.pgm;3x3;640x480;1125456;1542982
Filter/GaussianFilter-3x3.pgm;3x3;800x600;1764666;2413719
Filter/GaussianFilter-3x3.pgm;3x3;1024x768;2911672;3967003
Filter/GaussianFilter-3x3.pgm;3x3;1280x960;4530361;6195413
Filter/GaussianFilter-3x3.pgm;3x3;1600x1200;7916265;10336267
Filter/GaussianFilter-3x3.pgm;3x3;2048x1536;11684457;15985279
Filter/Synthetic-3x3.pgm;3x3;320x240;314690;480598
Filter/Synthetic-3x3.pgm;3x3;640x480;1123136;1711448
Filter/Synthetic-3x3.pgm;3x3;800x600;1770141;2676594
Filter/Synthetic-3x3.pgm;3x3;1024x768;2911740;4395921
Filter/Synthetic-3x3.pgm;3x3;1280x960;4531205;6876678
Filter/Synthetic-3x3.pgm;3x3;1600x1200;7109438;10756265
Filter/Synthetic-3x3.pgm;3x3;2048x1536;12320519;19095750
Filter/Null-5x5.pgm;5x5;320x240;551853;923374
Filter/Null-5x5.pgm;5x5;640x480;1997996;3326325
Filter/Null-5x5.pgm;5x5;800x600;3145991;5213332
Filter/Null-5x5.pgm;5x5;1024x768;5449453;8660013
Filter/Null-5x5.pgm;5x5;1280x960;8480554;15061112
Filter/Null-5x5.pgm;5x5;1600x1200;14168545;21459819
Filter/Null-5x5.pgm;5x5;2048x1536;22072010;37981692
Filter/Id-5x5.pgm;5x5;320x240;494758;828638
Filter/Id-5x5.pgm;5x5;640x480;2013452;3351346
Filter/Id-5x5.pgm;5x5;800x600;3169517;5252909
Filter/Id-5x5.pgm;5x5;1024x768;6164779;9776604
Filter/Id-5x5.pgm;5x5;1280x960;8177175;13521578
Filter/Id-5x5.pgm;5x5;1600x1200;12838498;22740379
Filter/Id-5x5.pgm;5x5;2048x1536;23999082;41997103
Filter/GaussianFilter-5x5.pgm;5x5;320x240;556413;1140095
Filter/GaussianFilter-5x5.pgm;5x5;640x480;2016791;4118897
Filter/GaussianFilter-5x5.pgm;5x5;800x600;3563207;7248964
Filter/GaussianFilter-5x5.pgm;5x5;1024x768;5439596;10689940
Filter/GaussianFilter-5x5.pgm;5x5;1280x960;8196774;16619356
Filter/GaussianFilter-5x5.pgm;5x5;1600x1200;12865555;26014203
Filter/GaussianFilter-5x5.pgm;5x5;2048x1536;22299021;50153337
Filter/Synthetic-5x5.pgm;5x5;320x240;495727;1076233
Filter/Synthetic-5x5.pgm;5x5;640x480;2016482;4356343
Filter/Synthetic-5x5.pgm;5x5;800x600;3174355;6828112
Filter/Synthetic-5x5.pgm;5x5;1024x768;5471734;11312705
Filter/Synthetic-5x5.pgm;5x5;1280x960;8202060;17570836
Filter/Synthetic-5x5.pgm;5x5;1600x1200;12853292;27502046
Filter/Synthetic-5x5.pgm;5x5;2048x1536;24195474;48730422
