Filter/Blur-3x3.pgm;3x3;320x240;607312;1261000
Filter/Blur-3x3.pgm;3x3;640x480;2513813;2615187
Filter/Blur-3x3.pgm;3x3;800x600;3910625;3403625
Filter/Blur-3x3.pgm;3x3;1024x768;6278938;5175187
Filter/Blur-3x3.pgm;3x3;1280x960;10079000;8154875
Filter/Blur-3x3.pgm;3x3;1600x1200;15429375;12325187
Filter/Blur-3x3.pgm;3x3;2048x1536;24922625;18750812
Filter/GaussianFilter-3x3.pgm;3x3;320x240;637937;1270063
Filter/GaussianFilter-3x3.pgm;3x3;640x480;2352000;2577313
Filter/GaussianFilter-3x3.pgm;3x3;800x600;3793375;3694500
Filter/GaussianFilter-3x3.pgm;3x3;1024x768;6359375;5456500
Filter/GaussianFilter-3x3.pgm;3x3;1280x960;10887563;8590375
Filter/GaussianFilter-3x3.pgm;3x3;1600x1200;15627188;11891688
Filter/GaussianFilter-3x3.pgm;3x3;2048x1536;24511500;18683438
Filter/Synthetic-3x3.pgm;3x3;320x240;616000;1325937
Filter/Synthetic-3x3.pgm;3x3;640x480;2512938;2743563
Filter/Synthetic-3x3.pgm;3x3;800x600;3672312;3646813
Filter/Synthetic-3x3.pgm;3x3;1024x768;6420500;5554062
Filter/Synthetic-3x3.pgm;3x3;1280x960;9589125;7989000
Filter/Synthetic-3x3.pgm;3x3;1600x1200;14814250;11963687
Filter/Synthetic-3x3.pgm;3x3;2048x1536;24351063;19361875
Filter/Null-5x5.pgm;5x5;320x240;1209812;2624063
Filter/Null-5x5.pgm;5x5;1024x768;12111625;8652687
Filter/Null-5x5.pgm;5x5;1600x1200;30818312;17927750
Filter/Null-5x5.pgm;5x5;2048x1536;49338875;27519000
Filter/Id-5x5.pgm;5x5;320x240;1215500;2595937
Filter/Id-5x5.pgm;5x5;1024x768;12633625;8311688
Filter/Id-5x5.pgm;5x5;1600x1200;30502188;17694562
Filter/Id-5x5.pgm;5x5;2048x1536;57600375;35910625
Filter/GaussianFilter-5x5.pgm;5x5;320x240;1321125;2898000
Filter/GaussianFilter-5x5.pgm;5x5;1024x768;12430688;9929188
Filter/GaussianFilter-5x5.pgm;5x5;1600x1200;30578813;20583563
Filter/GaussianFilter-5x5.pgm;5x5;2048x1536;49511250;32219875
Filter/Synthetic-5x5.pgm;5x5;320x240;1213000;2760438
Filter/Synthetic-5x5.pgm;5x5;1024x768;12895875;10106000
Filter/Synthetic-5x5.pgm;5x5;1600x1200;30356437;21020500
Filter/Synthetic-5x5.pgm;5x5;2048x1536;49800000;32524750
