Filter/Blur-3x3.pgm;3x3;320x240;1589607;471072
Filter/Blur-3x3.pgm;3x3;640x480;6404899;1881419
Filter/Blur-3x3.pgm;3x3;800x600;10032197;2937505
Filter/Blur-3x3.pgm;3x3;1024x768;16472228;4827056
Filter/Blur-3x3.pgm;3x3;1280x960;25734911;7549349
Filter/Blur-3x3.pgm;3x3;1600x1200;40270862;11810540
Filter/Blur-3x3.pgm;3x3;2048x1536;66096673;19403081
Filter/GaussianFilter-3x3.pgm;3x3;320x240;1782380;556905
Filter/GaussianFilter-3x3.pgm;3x3;640x480;7178615;2223106
Filter/GaussianFilter-3x3.pgm;3x3;800x600;10031330;3092363
Filter/GaussianFilter-3x3.pgm;3x3;1024x768;16471607;5077778
Filter/GaussianFilter-3x3.pgm;3x3;1280x960;28253350;7937597
Filter/GaussianFilter-3x3.pgm;3x3;1600x1200;40687712;12419744
Filter/GaussianFilter-3x3.pgm;3x3;2048x1536;70393627;20404041
Filter/Synthetic-3x3.pgm;3x3;320x240;1588987;536642
Filter/Synthetic-3x3.pgm;3x3;640x480;6404368;2145342
Filter/Synthetic-3x3.pgm;3x3;800x600;10090332;3355629
Filter/Synthetic-3x3.pgm;3x3;1024x768;16580630;6187367
Filter/Synthetic-3x3.pgm;3x3;1280x960;27509349;8611536
Filter/Synthetic-3x3.pgm;3x3;1600x1200;40284788;13474241
Filter/Synthetic-3x3.pgm;3x3;2048x1536;66156659;22161379
Filter/Null-5x5.pgm;5x5;320x240;3825304;935188
Filter/Null-5x5.pgm;5x5;640x480;17587996;4223420
Filter/Null-5x5.pgm;5x5;800x600;24968261;5893023
Filter/Null-5x5.pgm;5x5;1024x768;41283121;9748013
Filter/Null-5x5.pgm;5x5;1280x960;65656927;15159094
Filter/Null-5x5.pgm;5x5;1600x1200;102407993;23724625
Filter/Null-5x5.pgm;5x5;2048x1536;167272668;42299571
Filter/Id-5x5.pgm;5x5;320x240;3822372;942183
Filter/Id-5x5.pgm;5x5;640x480;15688963;3788053
Filter/Id-5x5.pgm;5x5;800x600;24985472;5932896
Filter/Id-5x5.pgm;5x5;1024x768;41366940;9848271
Filter/Id-5x5.pgm;5x5;1280x960;64323680;15259422
Filter/Id-5x5.pgm;5x5;1600x1200;100612645;23885397
Filter/Id-5x5.pgm;5x5;2048x1536;166298736;42702939
Filter/GaussianFilter-5x5.pgm;5x5;320x240;3818086;1132573
Filter/GaussianFilter-5x5.pgm;5x5;640x480;16820290;4555736
Filter/GaussianFilter-5x5.pgm;5x5;800x600;24968934;7138619
Filter/GaussianFilter-5x5.pgm;5x5;1024x768;41343282;11923716
Filter/GaussianFilter-5x5.pgm;5x5;1280x960;64390453;18728915
Filter/GaussianFilter-5x5.pgm;5x5;1600x1200;100610103;28732774
Filter/GaussianFilter-5x5.pgm;5x5;2048x1536;166193296;50699705
Filter/Synthetic-5x5.pgm;5x5;320x240;3820576;1191013
Filter/Synthetic-5x5.pgm;5x5;640x480;15913477;4792292
Filter/Synthetic-5x5.pgm;5x5;800x600;24962994;7508324
Filter/Synthetic-5x5.pgm;5x5;1024x768;45553891;12414405
Filter/Synthetic-5x5.pgm;5x5;1280x960;64348382;19321569
Filter/Synthetic-5x5.pgm;5x5;1600x1200;103594557;32906315
Filter/Synthetic-5x5.pgm;5x5;2048x1536;167340938;52932862
