



Filter/Blur-3x3.pgm;3x3;320x240;279142;313760
Filter/Blur-3x3.pgm;3x3;640x480;1126134;1258543
Filter/Blur-3x3.pgm;3x3;800x600;1770789;1969324
Filter/Blur-3x3.pgm;3x3;1024x768;2911864;3238763
Filter/Blur-3x3.pgm;3x3;1280x960;4530908;5057735
Filter/Blur-3x3.pgm;3x3;1600x1200;8020543;8795524
Filter/Blur-3x3.pgm;3x3;2048x1536;11716356;13165540
Filter/GaussianFilter-3x3.pgm;3x3;320x240;278267;338018
Filter/GaussianFilter-3x3.pgm;3x3;640x480;1125080;1356191
Filter/GaussianFilter-3x3.pgm;3x3;800x600;1766110;2121840
Filter/GaussianFilter-3x3.pgm;3x3;1024x768;2903998;3485717
Filter/GaussianFilter-3x3.pgm;3x3;1280x960;4973647;6138560
Filter/GaussianFilter-3x3.pgm;3x3;1600x1200;7097746;8526213
Filter/GaussianFilter-3x3.pgm;3x3;2048x1536;11660347;14063321
Filter/Synthetic-3x3.pgm;3x3;320x240;277745;379694
Filter/Synthetic-3x3.pgm;3x3;640x480;1123898;1523560
Filter/Synthetic-3x3.pgm;3x3;800x600;1939572;2683585
Filter/Synthetic-3x3.pgm;3x3;1024x768;2909978;3920817
Filter/Synthetic-3x3.pgm;3x3;1280x960;4535474;6291172
Filter/Synthetic-3x3.pgm;3x3;1600x1200;7101421;9581942
Filter/Synthetic-3x3.pgm;3x3;2048x1536;11703439;15793699
Filter/Null-5x5.pgm;5x5;320x240;490339;634035
Filter/Null-5x5.pgm;5x5;640x480;1998392;2564966
Filter/Null-5x5.pgm;5x5;800x600;3427821;4523735
Filter/Null-5x5.pgm;5x5;1024x768;5419155;6663382
Filter/Null-5x5.pgm;5x5;1280x960;8112345;10355866
Filter/Null-5x5.pgm;5x5;1600x1200;12764825;16219666
Filter/Null-5x5.pgm;5x5;2048x1536;22145447;30078958
Filter/Id-5x5.pgm;5x5;320x240;556897;722593
Filter/Id-5x5.pgm;5x5;640x480;2015914;2599680
Filter/Id-5x5.pgm;5x5;800x600;3171155;4077070
Filter/Id-5x5.pgm;5x5;1024x768;5490305;6769617
Filter/Id-5x5.pgm;5x5;1280x960;8177137;10499892
Filter/Id-5x5.pgm;5x5;1600x1200;14441984;17002818
Filter/Id-5x5.pgm;5x5;2048x1536;22219047;30464437


