Filter/Blur-3x3.pgm;3x3;320x240;862875;1167875
Filter/Blur-3x3.pgm;3x3;640x480;3150375;2764312
Filter/Blur-3x3.pgm;3x3;800x600;4973750;3910563
Filter/Blur-3x3.pgm;3x3;1024x768;8144125;6153062
Filter/Blur-3x3.pgm;3x3;1280x960;12857500;9387938
Filter/Blur-3x3.pgm;3x3;1600x1200;19846250;14292875
Filter/Blur-3x3.pgm;3x3;2048x1536;32293375;22967625
Filter/GaussianFilter-3x3.pgm;3x3;320x240;801937;1124313
Filter/GaussianFilter-3x3.pgm;3x3;640x480;3090875;2751063
Filter/GaussianFilter-3x3.pgm;3x3;800x600;4910125;4012875
Filter/GaussianFilter-3x3.pgm;3x3;1024x768;8200438;6238250
Filter/GaussianFilter-3x3.pgm;3x3;1280x960;12994688;9320313
Filter/GaussianFilter-3x3.pgm;3x3;1600x1200;19766562;14139875
Filter/GaussianFilter-3x3.pgm;3x3;2048x1536;32359875;23728563
Filter/Synthetic-3x3.pgm;3x3;320x240;814750;1141687
Filter/Synthetic-3x3.pgm;3x3;640x480;3094125;2799125
Filter/Synthetic-3x3.pgm;3x3;800x600;5026938;4482875
Filter/Synthetic-3x3.pgm;3x3;1024x768;8010312;6472500
Filter/Synthetic-3x3.pgm;3x3;1280x960;13246750;9903000
Filter/Synthetic-3x3.pgm;3x3;1600x1200;19691625;14846813
Filter/Synthetic-3x3.pgm;3x3;2048x1536;31985437;24022187
Filter/Null-5x5.pgm;5x5;320x240;1306625;1860937
Filter/Null-5x5.pgm;5x5;640x480;5209813;3997500
Filter/Null-5x5.pgm;5x5;800x600;8205062;5580188
Filter/Null-5x5.pgm;5x5;1024x768;13539563;8244875
Filter/Null-5x5.pgm;5x5;1600x1200;38615125;26520312
Filter/Null-5x5.pgm;5x5;2048x1536;53903750;29309000
Filter/Id-5x5.pgm;5x5;320x240;1323875;1901062
Filter/Id-5x5.pgm;5x5;640x480;5215812;3989688
Filter/Id-5x5.pgm;5x5;800x600;8309438;5605125
Filter/Id-5x5.pgm;5x5;1024x768;14502187;8507063
Filter/Id-5x5.pgm;5x5;1600x1200;34798063;19222500
Filter/Id-5x5.pgm;5x5;2048x1536;54184062;31246313
Filter/Blur-3x3.pgm;3x3;320x240;831313;1183562
Filter/Blur-3x3.pgm;3x3;640x480;3592813;2850750
Filter/Blur-3x3.pgm;3x3;800x600;5066187;3959125
Filter/Blur-3x3.pgm;3x3;1024x768;8315000;6213500
Filter/Blur-3x3.pgm;3x3;1280x960;12575875;9381125
Filter/Blur-3x3.pgm;3x3;1600x1200;19930750;14510188
Filter/Blur-3x3.pgm;3x3;2048x1536;32348125;22874875
Filter/GaussianFilter-3x3.pgm;3x3;320x240;846375;1180188
Filter/GaussianFilter-3x3.pgm;3x3;640x480;3201250;2786125
Filter/GaussianFilter-3x3.pgm;3x3;800x600;5178687;4175125
Filter/GaussianFilter-3x3.pgm;3x3;1024x768;8253438;6553375
Filter/GaussianFilter-3x3.pgm;3x3;1280x960;12910313;9793375
Filter/GaussianFilter-3x3.pgm;3x3;1600x1200;19990750;15219937
Filter/GaussianFilter-3x3.pgm;3x3;2048x1536;33717687;24886312
Filter/Synthetic-3x3.pgm;3x3;320x240;810187;1196438
Filter/Synthetic-3x3.pgm;3x3;640x480;3419062;3041125
Filter/Synthetic-3x3.pgm;3x3;800x600;5316875;4310562
Filter/Synthetic-3x3.pgm;3x3;1024x768;8343250;6841687
Filter/Synthetic-3x3.pgm;3x3;1280x960;12745375;9994937
Filter/Synthetic-3x3.pgm;3x3;1600x1200;20205625;15760250
Filter/Synthetic-3x3.pgm;3x3;2048x1536;32787125;25096375
Filter/Null-5x5.pgm;5x5;320x240;1385500;1926125
Filter/Null-5x5.pgm;5x5;640x480;5488438;4130312
Filter/Null-5x5.pgm;5x5;800x600;8213500;5571188
Filter/Null-5x5.pgm;5x5;1024x768;13310437;8872125
Filter/Null-5x5.pgm;5x5;1600x1200;33924563;19580000
Filter/Null-5x5.pgm;5x5;2048x1536;54391687;30259813
Filter/Id-5x5.pgm;5x5;320x240;1321813;1888375
Filter/Id-5x5.pgm;5x5;640x480;5205625;3981188
Filter/Id-5x5.pgm;5x5;800x600;8795875;5827250
Filter/Id-5x5.pgm;5x5;1024x768;14137875;8868062
Filter/Id-5x5.pgm;5x5;1600x1200;31985813;19181000
Filter/Id-5x5.pgm;5x5;2048x1536;53677625;33392250


